<?xml version="1.0" encoding="UTF-8"?>
<!-- Generated by org.testng.reporters.JUnitReportReporter -->
<testsuite hostname="DESKTOP-EJOKALK" failures="0" tests="1" name="driverFactory.DriverScript" time="68.945" errors="0" timestamp="24 Jun 2023 09:41:01 GMT">
  <testcase classname="driverFactory.DriverScript" name="startTest" time="68.945"/>
</testsuite> <!-- driverFactory.DriverScript -->
